<?xml version="1.0" encoding="UTF-8"?>
<!-- Generated by org.testng.reporters.JUnitXMLReporter -->
<testsuite ignored="0" hostname="DESKTOP-86S4MIF" failures="1" tests="3" name="Purchase Phone Test" time="0.017" errors="0" timestamp="2023-11-19T17:10:18 EST">
  <testcase classname="testcases.suiteb.SearchAndPurchasePhoneTest" name="search" time="0.003">
    <failure type="java.lang.NullPointerException" message="Cannot invoke &amp;quot;java.lang.Throwable.getMessage()&amp;quot; because the return value of &amp;quot;org.testng.ITestResult.getThrowable()&amp;quot; is null">
      <![CDATA[java.lang.NullPointerException: Cannot invoke "java.lang.Throwable.getMessage()" because the return value of "org.testng.ITestResult.getThrowable()" is null
at listener.MyTestNGListener.onTestSuccess(MyTestNGListener.java:21)
at java.base/java.util.ArrayList.forEach(ArrayList.java:1511)
... Removed 25 stack frames]]>
    </failure>
  </testcase> <!-- search -->
  <testcase classname="testcases.suiteb.SearchAndPurchasePhoneTest" name="selectPhone" time="0.0">
    <skipped/>
  </testcase> <!-- selectPhone -->
  <testcase classname="testcases.suiteb.SearchAndPurchasePhoneTest" name="checkout" time="0.0">
    <skipped/>
  </testcase> <!-- checkout -->
</testsuite> <!-- Purchase Phone Test -->
