<?xml version="1.0" encoding="UTF-8"?>
<!-- Generated by org.testng.reporters.JUnitXMLReporter -->
<testsuite ignored="0" hostname="DESKTOP-86S4MIF" failures="0" tests="3" name="Purchase Phone Test" time="0.023" errors="0" timestamp="2023-11-19T17:03:57 EST">
  <testcase classname="testcases.suiteb.SearchAndPurchasePhoneTest" name="search" time="0.001"/>
  <testcase classname="testcases.suiteb.SearchAndPurchasePhoneTest" name="selectPhone" time="0.002"/>
  <testcase classname="testcases.suiteb.SearchAndPurchasePhoneTest" name="checkout" time="0.001"/>
</testsuite> <!-- Purchase Phone Test -->
