<?xml version="1.0" encoding="UTF-8"?>
<!-- Generated by org.testng.reporters.JUnitXMLReporter -->
<testsuite ignored="0" hostname="DESKTOP-86S4MIF" failures="2" tests="2" name="Login Test" time="0.073" errors="0" timestamp="2023-11-19T17:10:18 EST">
  <testcase classname="testcases.suitea.LoginTest" name="loginTest" time="0.02">
    <failure type="java.lang.NullPointerException" message="Cannot invoke &amp;quot;java.lang.Throwable.getMessage()&amp;quot; because the return value of &amp;quot;org.testng.ITestResult.getThrowable()&amp;quot; is null">
      <![CDATA[java.lang.NullPointerException: Cannot invoke "java.lang.Throwable.getMessage()" because the return value of "org.testng.ITestResult.getThrowable()" is null
at listener.MyTestNGListener.onTestSuccess(MyTestNGListener.java:21)
at java.base/java.util.ArrayList.forEach(ArrayList.java:1511)
... Removed 25 stack frames]]>
    </failure>
  </testcase> <!-- loginTest -->
  <testcase classname="testcases.suitea.LoginTest" name="logout" time="0.003">
    <failure type="java.lang.NullPointerException" message="Cannot invoke &amp;quot;java.lang.Throwable.getMessage()&amp;quot; because the return value of &amp;quot;org.testng.ITestResult.getThrowable()&amp;quot; is null">
      <![CDATA[java.lang.NullPointerException: Cannot invoke "java.lang.Throwable.getMessage()" because the return value of "org.testng.ITestResult.getThrowable()" is null
at listener.MyTestNGListener.onTestSuccess(MyTestNGListener.java:21)
at java.base/java.util.ArrayList.forEach(ArrayList.java:1511)
... Removed 25 stack frames]]>
    </failure>
  </testcase> <!-- logout -->
</testsuite> <!-- Login Test -->
