<?xml version="1.0" encoding="UTF-8"?>
<testng-results ignored="0" total="1" passed="1" failed="0" skipped="0">
  <reporter-output>
  </reporter-output>
  <suite started-at="2024-11-04T16:48:12 EST" name="Default suite" finished-at="2024-11-04T16:48:28 EST" duration-ms="16063">
    <groups>
    </groups>
    <test started-at="2024-11-04T16:48:12 EST" name="Default test" finished-at="2024-11-04T16:48:28 EST" duration-ms="16063">
      <class name="browsers.FirstScript">
        <test-method signature="login()[pri:0, instance:browsers.FirstScript@3ba987b8]" started-at="2024-11-04T16:48:12 EST" name="login" finished-at="2024-11-04T16:48:28 EST" duration-ms="16005" status="PASS">
          <reporter-output>
          </reporter-output>
        </test-method> <!-- login -->
      </class> <!-- browsers.FirstScript -->
    </test> <!-- Default test -->
  </suite> <!-- Default suite -->
</testng-results>
